<?xml version="1.0" encoding="UTF-8"?>
<!-- Generated by org.testng.reporters.JUnitXMLReporter -->
<testsuite ignored="0" hostname="KAMARA" failures="1" tests="3" name="Test ran on chrome" time="12.718" errors="0" timestamp="2023-09-07T04:07:58 BST">
  <testcase classname="testNG.CrossBrowserTesting" name="Login_Test_1" time="0.593"/>
  <testcase classname="testNG.CrossBrowserTesting" name="Login_Test_2" time="0.547"/>
  <testcase classname="testNG.CrossBrowserTesting" name="Login_Test_3" time="0.001">
    <failure type="java.lang.Error" message="Unresolved compilation problem: 
	The method loginToSauseDemo(String, String) in the type Login_page is not applicable for the arguments (int, String)
">
      <![CDATA[java.lang.Error: Unresolved compilation problem: 
The method loginToSauseDemo(String, String) in the type Login_page is not applicable for the arguments (int, String)

at testNG.CrossBrowserTesting.Login_Test_3(CrossBrowserTesting.java:104)
at java.base/java.util.ArrayList.forEach(ArrayList.java:1511)
at java.base/java.util.concurrent.FutureTask.run(FutureTask.java:317)
at java.base/java.util.concurrent.ThreadPoolExecutor.runWorker(ThreadPoolExecutor.java:1144)
at java.base/java.util.concurrent.ThreadPoolExecutor$Worker.run(ThreadPoolExecutor.java:642)
at java.base/java.lang.Thread.run(Thread.java:1623)
... Removed 15 stack frames]]>
    </failure>
  </testcase> <!-- Login_Test_3 -->
</testsuite> <!-- Test ran on chrome -->
